C:\Users\WenkaiPan\3dns\3dns\Debug\3dns.exe.intermediate.manifest
C:\Users\WenkaiPan\3dns\3dns\Debug\3dns.obj
C:\Users\WenkaiPan\3dns\3dns\Debug\3dns.vcxprojResolveAssemblyReference.cache
C:\Users\WenkaiPan\3dns\3dns\Debug\3dns.write.1.tlog
C:\Users\WenkaiPan\3dns\3dns\Debug\cl.command.1.tlog
C:\Users\WenkaiPan\3dns\3dns\Debug\CL.read.1.tlog
C:\Users\WenkaiPan\3dns\3dns\Debug\CL.write.1.tlog
C:\Users\WenkaiPan\3dns\3dns\Debug\Clock.obj
C:\Users\WenkaiPan\3dns\3dns\Debug\COMPAT.obj
C:\Users\WenkaiPan\3dns\3dns\Debug\Energy.obj
C:\Users\WenkaiPan\3dns\3dns\Debug\ERROR.obj
C:\Users\WenkaiPan\3dns\3dns\Debug\Files.obj
C:\Users\WenkaiPan\3dns\3dns\Debug\link.command.1.tlog
C:\Users\WenkaiPan\3dns\3dns\Debug\link.read.1.tlog
C:\Users\WenkaiPan\3dns\3dns\Debug\link.write.1.tlog
C:\Users\WenkaiPan\3dns\3dns\Debug\Matrix.obj
C:\Users\WenkaiPan\3dns\3dns\Debug\MEMORY.obj
C:\Users\WenkaiPan\3dns\3dns\Debug\mt.command.1.tlog
C:\Users\WenkaiPan\3dns\3dns\Debug\mt.read.1.tlog
C:\Users\WenkaiPan\3dns\3dns\Debug\mt.write.1.tlog
C:\Users\WenkaiPan\3dns\3dns\Debug\Nucleation.obj
C:\Users\WenkaiPan\3dns\3dns\Debug\Parsefunc.obj
C:\Users\WenkaiPan\3dns\3dns\Debug\Phase.obj
C:\Users\WenkaiPan\3dns\3dns\Debug\Readdata.obj
C:\Users\WenkaiPan\3dns\3dns\Debug\Report.obj
C:\Users\WenkaiPan\3dns\3dns\Debug\Server3DNS.obj
C:\Users\WenkaiPan\3dns\3dns\Debug\Thermal.obj
C:\Users\WenkaiPan\3dns\3dns\Debug\vc100.idb
C:\Users\WenkaiPan\3dns\3dns\Debug\vc100.pdb
C:\Users\WenkaiPan\3dns\Debug\3dns.exe
C:\Users\WenkaiPan\3dns\Debug\3dns.ilk
C:\Users\WenkaiPan\3dns\Debug\3dns.pdb
C:\USERS\YIKANG\DOCUMENTS\VISUAL STUDIO 2010\PROJECTS\3DNS\3DNS\DEBUG\3DNS.EXE.INTERMEDIATE.MANIFEST
C:\USERS\YIKANG\DOCUMENTS\VISUAL STUDIO 2010\PROJECTS\3DNS\3DNS\DEBUG\3DNS.OBJ
C:\USERS\YIKANG\DOCUMENTS\VISUAL STUDIO 2010\PROJECTS\3DNS\3DNS\DEBUG\CLOCK.OBJ
C:\USERS\YIKANG\DOCUMENTS\VISUAL STUDIO 2010\PROJECTS\3DNS\3DNS\DEBUG\COMPAT.OBJ
C:\USERS\YIKANG\DOCUMENTS\VISUAL STUDIO 2010\PROJECTS\3DNS\3DNS\DEBUG\ENERGY.OBJ
C:\USERS\YIKANG\DOCUMENTS\VISUAL STUDIO 2010\PROJECTS\3DNS\3DNS\DEBUG\ERROR.OBJ
C:\USERS\YIKANG\DOCUMENTS\VISUAL STUDIO 2010\PROJECTS\3DNS\3DNS\DEBUG\FILES.OBJ
C:\USERS\YIKANG\DOCUMENTS\VISUAL STUDIO 2010\PROJECTS\3DNS\3DNS\DEBUG\MATRIX.OBJ
C:\USERS\YIKANG\DOCUMENTS\VISUAL STUDIO 2010\PROJECTS\3DNS\3DNS\DEBUG\MEMORY.OBJ
C:\USERS\YIKANG\DOCUMENTS\VISUAL STUDIO 2010\PROJECTS\3DNS\3DNS\DEBUG\NUCLEATION.OBJ
C:\USERS\YIKANG\DOCUMENTS\VISUAL STUDIO 2010\PROJECTS\3DNS\3DNS\DEBUG\PARSEFUNC.OBJ
C:\USERS\YIKANG\DOCUMENTS\VISUAL STUDIO 2010\PROJECTS\3DNS\3DNS\DEBUG\PHASE.OBJ
C:\USERS\YIKANG\DOCUMENTS\VISUAL STUDIO 2010\PROJECTS\3DNS\3DNS\DEBUG\READDATA.OBJ
C:\USERS\YIKANG\DOCUMENTS\VISUAL STUDIO 2010\PROJECTS\3DNS\3DNS\DEBUG\REPORT.OBJ
C:\USERS\YIKANG\DOCUMENTS\VISUAL STUDIO 2010\PROJECTS\3DNS\3DNS\DEBUG\SERVER3DNS.OBJ
C:\USERS\YIKANG\DOCUMENTS\VISUAL STUDIO 2010\PROJECTS\3DNS\3DNS\DEBUG\THERMAL.OBJ
C:\USERS\YIKANG\DOCUMENTS\VISUAL STUDIO 2010\PROJECTS\3DNS\3DNS\DEBUG\VC100.PDB
C:\USERS\YIKANG\DOCUMENTS\VISUAL STUDIO 2010\PROJECTS\3DNS\DEBUG\3DNS.EXE
C:\USERS\YIKANG\DOCUMENTS\VISUAL STUDIO 2010\PROJECTS\3DNS\DEBUG\3DNS.ILK
C:\USERS\YIKANG\DOCUMENTS\VISUAL STUDIO 2010\PROJECTS\3DNS\DEBUG\3DNS.PDB
F:\3DNS\3DNS\DEBUG\3DNS.EXE.INTERMEDIATE.MANIFEST
F:\3DNS\3DNS\DEBUG\3DNS.OBJ
F:\3DNS\3DNS\DEBUG\CLOCK.OBJ
F:\3DNS\3DNS\DEBUG\COMPAT.OBJ
F:\3DNS\3DNS\DEBUG\ENERGY.OBJ
F:\3DNS\3DNS\DEBUG\ERROR.OBJ
F:\3DNS\3DNS\DEBUG\FILES.OBJ
F:\3DNS\3DNS\DEBUG\MATRIX.OBJ
F:\3DNS\3DNS\DEBUG\MEMORY.OBJ
F:\3DNS\3DNS\DEBUG\NUCLEATION.OBJ
F:\3DNS\3DNS\DEBUG\PARSEFUNC.OBJ
F:\3DNS\3DNS\DEBUG\PHASE.OBJ
F:\3DNS\3DNS\DEBUG\READDATA.OBJ
F:\3DNS\3DNS\DEBUG\REPORT.OBJ
F:\3DNS\3DNS\DEBUG\SERVER3DNS.OBJ
F:\3DNS\3DNS\DEBUG\THERMAL.OBJ
F:\3DNS\3DNS\DEBUG\VC100.PDB
F:\3DNS\DEBUG\3DNS.EXE
F:\3DNS\DEBUG\3DNS.ILK
F:\3DNS\DEBUG\3DNS.PDB
